0 info it worked if it ends with ok
1 verbose cli [ '/home/ubuntu/.nvm/versions/node/v4.2.4/bin/node',
1 verbose cli   '/home/ubuntu/.nvm/versions/node/v4.2.4/bin/npm',
1 verbose cli   'install',
1 verbose cli   'express' ]
2 info using npm@2.14.12
3 info using node@v4.2.4
4 verbose install initial load of /home/ubuntu/workspace/code/bloccit/package.json
5 verbose readDependencies loading dependencies from /home/ubuntu/workspace/code/bloccit/package.json
6 silly cache add args [ 'express', null ]
7 verbose cache add spec express
8 silly cache add parsed spec Result {
8 silly cache add   raw: 'express',
8 silly cache add   scope: null,
8 silly cache add   name: 'express',
8 silly cache add   rawSpec: '',
8 silly cache add   spec: 'latest',
8 silly cache add   type: 'tag' }
9 silly addNamed express@latest
10 verbose addNamed "latest" is being treated as a dist-tag for express
11 info addNameTag [ 'express', 'latest' ]
12 silly mapToRegistry name express
13 silly mapToRegistry using default registry
14 silly mapToRegistry registry https://registry.npmjs.org/
15 silly mapToRegistry uri https://registry.npmjs.org/express
16 verbose addNameTag registry:https://registry.npmjs.org/express not in flight; fetching
17 verbose request uri https://registry.npmjs.org/express
18 verbose request no auth needed
19 info attempt registry request try #1 at 10:28:36 PM
20 verbose request id d4cb8abe4bc353de
21 http request GET https://registry.npmjs.org/express
22 info retry will retry, error on last attempt: Error: connect ECONNREFUSED 23.235.40.162:443
23 info attempt registry request try #2 at 10:28:47 PM
24 http request GET https://registry.npmjs.org/express
25 info retry will retry, error on last attempt: Error: connect ECONNREFUSED 23.235.40.162:443
26 info attempt registry request try #3 at 10:29:48 PM
27 http request GET https://registry.npmjs.org/express
28 verbose stack Error: connect ECONNREFUSED 23.235.40.162:443
28 verbose stack     at Object.exports._errnoException (util.js:870:11)
28 verbose stack     at exports._exceptionWithHostPort (util.js:893:20)
28 verbose stack     at TCPConnectWrap.afterConnect [as oncomplete] (net.js:1063:14)
29 verbose cwd /home/ubuntu/workspace/code/bloccit
30 error Linux 4.2.0-c9
31 error argv "/home/ubuntu/.nvm/versions/node/v4.2.4/bin/node" "/home/ubuntu/.nvm/versions/node/v4.2.4/bin/npm" "install" "express"
32 error node v4.2.4
33 error npm  v2.14.12
34 error code ECONNREFUSED
35 error errno ECONNREFUSED
36 error syscall connect
37 error Error: connect ECONNREFUSED 23.235.40.162:443
37 error     at Object.exports._errnoException (util.js:870:11)
37 error     at exports._exceptionWithHostPort (util.js:893:20)
37 error     at TCPConnectWrap.afterConnect [as oncomplete] (net.js:1063:14)
37 error  { [Error: connect ECONNREFUSED 23.235.40.162:443]
37 error   code: 'ECONNREFUSED',
37 error   errno: 'ECONNREFUSED',
37 error   syscall: 'connect',
37 error   address: '23.235.40.162',
37 error   port: 443 }
38 error If you are behind a proxy, please make sure that the
38 error 'proxy' config is set properly.  See: 'npm help config'
39 verbose exit [ 1, true ]
